2016-01-04 20:10:05,960 | INFO: Definindo as funções gerais assessórias
2016-01-04 20:10:05,962 | INFO: 

===============================================

2016-01-04 20:10:06,018 | INFO: Definindo as funções gerais
2016-01-04 20:10:06,020 | INFO: 

===============================================

2016-01-04 20:10:06,092 | INFO: Definindo as funções do domicílio
2016-01-04 20:10:06,094 | INFO: 

===============================================

2016-01-04 20:10:06,228 | INFO: Definindo as funções da família
2016-01-04 20:10:06,229 | INFO: 

===============================================

2016-01-04 20:10:06,586 | INFO: Definindo as funções da pessoa
2016-01-04 20:10:06,588 | INFO: 

===============================================

2016-01-04 20:10:08,774 | INFO: Definindo funções referentes às viagens
2016-01-04 20:10:08,776 | INFO: 

===============================================

2016-01-04 20:10:08,882 | INFO: Definindo funções que geram os "NO"s e os "ID"s
2016-01-04 20:10:08,884 | INFO: 

===============================================

2016-01-04 20:10:08,899 | INFO: Definindo função relativa à entrevista
2016-01-04 20:10:08,900 | INFO: 

===============================================

2016-01-04 20:10:09,524 | INFO: Horário de início da execução: 20:10
2016-01-04 20:10:09,525 | INFO: Lendo arquivos CSV
2016-01-04 20:10:09,527 | INFO: Lendo CSV da base original da OD.
2016-01-04 20:10:12,703 | INFO: Deflator a ser utilizado para correção monetária: 0.0966466592714303
2016-01-04 20:10:12,707 | INFO: 

===============================================

2016-01-04 20:10:12,707 | INFO: Pré-Processamento.
2016-01-04 20:10:12,713 | INFO: Criando/Renomeando colunas no dataframe principal
2016-01-04 20:10:12,714 | INFO: Renomeando coluna UCOD para UCOD_DOM
2016-01-04 20:10:12,852 | INFO: Renomeando coluna ANDA_CHEG para ANDA_DEST
2016-01-04 20:10:12,966 | INFO: Verificando se todas as variaveis esperadasexistem no dataframe.
Caso não exista alguma, ela é criada.
2016-01-04 20:10:12,979 | INFO: Criando a variavel UCOD_ESC no dataframe
2016-01-04 20:10:12,986 | INFO: Criando a variavel UCOD_TRAB1 no dataframe
2016-01-04 20:10:12,991 | INFO: Criando a variavel UCOD_TRAB2 no dataframe
2016-01-04 20:10:12,997 | INFO: Criando a variavel UCOD_ORIG no dataframe
2016-01-04 20:10:13,002 | INFO: Criando a variavel UCOD_DEST no dataframe
2016-01-04 20:10:13,003 | INFO: Reordenando as variáveis
2016-01-04 20:10:13,168 | INFO: 

===============================================

2016-01-04 20:10:13,170 | INFO: 

===============================================

2016-01-04 20:10:13,170 | INFO: Imprimindo a lista de variáveis do dataframe da OD.
2016-01-04 20:10:13,179 | INFO: ### PASSO 1 - ANO
2016-01-04 20:10:13,660 | INFO: ### PASSO 2 - DIA_SEM
2016-01-04 20:10:14,024 | INFO: Verificando Range da variável: DIA_SEM
2016-01-04 20:10:14,047 | INFO: 

        - Mínimo esperado: 2
        - Máximo esperado: 6
        - Total de registros: 223926
        - Registros nulos (NA): 40808

2016-01-04 20:10:14,067 | INFO: DIA_SEM: Nenhum erro encontrado.
2016-01-04 20:10:14,068 | INFO: 

===============================================

2016-01-04 20:10:14,069 | INFO: ### PASSO 3 - UCODS
2016-01-04 20:10:14,069 | INFO: Lendo arquivo auxiliar UCOD
2016-01-04 20:10:25,284 | INFO: Verificando Range da variável: UCOD_DOM
2016-01-04 20:10:25,294 | INFO: 

        - Mínimo esperado: 1
        - Máximo esperado: 67
        - Total de registros: 223926
        - Registros nulos (NA): 0

2016-01-04 20:10:25,303 | INFO: UCOD_DOM: Nenhum erro encontrado.
2016-01-04 20:10:25,304 | INFO: Verificando Range da variável: UCOD_ESC
2016-01-04 20:10:25,325 | INFO: 

        - Mínimo esperado: 1
        - Máximo esperado: 67
        - Total de registros: 223926
        - Registros nulos (NA): 154954

2016-01-04 20:10:25,362 | INFO: UCOD_ESC: Nenhum erro encontrado.
2016-01-04 20:10:25,364 | INFO: Verificando Range da variável: UCOD_TRAB1
2016-01-04 20:10:25,390 | INFO: 

        - Mínimo esperado: 1
        - Máximo esperado: 67
        - Total de registros: 223926
        - Registros nulos (NA): 112093

2016-01-04 20:10:25,437 | INFO: UCOD_TRAB1: Nenhum erro encontrado.
2016-01-04 20:10:25,439 | INFO: Verificando Range da variável: UCOD_TRAB2
2016-01-04 20:10:25,462 | INFO: 

        - Mínimo esperado: 1
        - Máximo esperado: 67
        - Total de registros: 223926
        - Registros nulos (NA): 220589

2016-01-04 20:10:25,498 | INFO: UCOD_TRAB2: Nenhum erro encontrado.
2016-01-04 20:10:25,500 | INFO: Verificando Range da variável: UCOD_ORIG
2016-01-04 20:10:25,526 | INFO: 

        - Mínimo esperado: 1
        - Máximo esperado: 67
        - Total de registros: 223926
        - Registros nulos (NA): 40808

2016-01-04 20:10:25,576 | INFO: UCOD_ORIG: Nenhum erro encontrado.
2016-01-04 20:10:25,578 | INFO: Verificando Range da variável: UCOD_DEST
2016-01-04 20:10:25,605 | INFO: 

        - Mínimo esperado: 1
        - Máximo esperado: 67
        - Total de registros: 223926
        - Registros nulos (NA): 40808

2016-01-04 20:10:25,651 | INFO: UCOD_DEST: Nenhum erro encontrado.
2016-01-04 20:10:25,652 | INFO: 

===============================================

2016-01-04 20:10:25,653 | INFO: ### PASSO 4 - ZONA_DOM
2016-01-04 20:10:25,761 | INFO: Verificando Range da variável: ZONA_DOM
2016-01-04 20:10:25,770 | INFO: 

        - Mínimo esperado: 1
        - Máximo esperado: 254
        - Total de registros: 223926
        - Registros nulos (NA): 0

2016-01-04 20:10:25,873 | INFO: ZONA_DOM: Nenhum erro encontrado.
2016-01-04 20:10:25,875 | INFO: 

===============================================

2016-01-04 20:10:25,875 | INFO: ### PASSO 5 - SUBZONA_DOM
2016-01-04 20:10:25,958 | INFO: Verificando Range da variável: SUBZONA_DOM
2016-01-04 20:10:25,967 | INFO: 

        - Mínimo esperado: 1
        - Máximo esperado: 9
        - Total de registros: 223926
        - Registros nulos (NA): 165

2016-01-04 20:10:26,064 | INFO: SUBZONA_DOM: Nenhum erro encontrado.
2016-01-04 20:10:26,066 | INFO: 

===============================================

2016-01-04 20:10:26,066 | INFO: ### PASSO 6 - MUN_DOM
2016-01-04 20:10:26,143 | INFO: Verificando Range da variável: MUN_DOM
2016-01-04 20:10:26,152 | INFO: 

        - Mínimo esperado: 1
        - Máximo esperado: 38
        - Total de registros: 223926
        - Registros nulos (NA): 0

2016-01-04 20:10:26,273 | INFO: MUN_DOM: Nenhum erro encontrado.
2016-01-04 20:10:26,275 | INFO: 

===============================================

2016-01-04 20:10:26,275 | INFO: ### PASSO 7 - F_DOM
2016-01-04 20:10:26,276 | INFO: Verificando a variável Dummy: F_DOM
2016-01-04 20:10:26,294 | INFO: F_DOM: Nenhum erro encontrado.
2016-01-04 20:10:26,296 | INFO: 

===============================================

2016-01-04 20:10:26,296 | INFO: ### PASSO 8 - FE_DOM
2016-01-04 20:10:26,297 | INFO: 

===============================================

2016-01-04 20:10:26,298 | INFO: ### PASSO 9 - TIPO_DOM
2016-01-04 20:10:26,486 | INFO: Verificando a variável Dummy: TIPO_DOM
2016-01-04 20:10:26,498 | INFO: TIPO_DOM: Nenhum erro encontrado.
2016-01-04 20:10:26,500 | INFO: 

===============================================

2016-01-04 20:10:26,500 | INFO: ### PASSO 10 - TOT_FAM
2016-01-04 20:10:26,501 | INFO: 

===============================================

2016-01-04 20:10:26,501 | INFO: ### PASSO 11 - F_FAM
2016-01-04 20:10:26,502 | INFO: Verificando a variável Dummy: F_FAM
2016-01-04 20:10:26,512 | INFO: F_FAM: Nenhum erro encontrado.
2016-01-04 20:10:26,513 | INFO: 

===============================================

2016-01-04 20:10:26,513 | INFO: ### PASSO 12 - FE_FAM
2016-01-04 20:10:26,514 | INFO: 

===============================================

2016-01-04 20:10:26,514 | INFO: ### PASSO 13 - COND_MORA
2016-01-04 20:10:26,753 | INFO: Verificando Range da variável: COND_MORA
2016-01-04 20:10:26,767 | INFO: 

        - Mínimo esperado: 1
        - Máximo esperado: 3
        - Total de registros: 223926
        - Registros nulos (NA): 1928

2016-01-04 20:10:26,786 | INFO: COND_MORA: Nenhum erro encontrado.
2016-01-04 20:10:26,788 | INFO: 

===============================================

2016-01-04 20:10:26,788 | INFO: ### PASSO 14 - QT_AUTO
2016-01-04 20:10:26,789 | INFO: 

===============================================

2016-01-04 20:10:26,845 | INFO: ### PASSO 15 - QT_BICI
2016-01-04 20:10:26,847 | INFO: 

===============================================

2016-01-04 20:10:26,901 | INFO: ### PASSO 16 - QT_MOTO
2016-01-04 20:10:26,903 | INFO: 

===============================================

2016-01-04 20:10:26,903 | INFO: ### PASSO 17 - REN_FAM
2016-01-04 20:10:26,907 | INFO: ### PASSO 18 - CD_RENFAM
2016-01-04 20:10:26,983 | INFO: Verificando Range da variável: CD_RENFAM
2016-01-04 20:10:26,994 | INFO: 

        - Mínimo esperado: 0
        - Máximo esperado: 2
        - Total de registros: 223926
        - Registros nulos (NA): 0

2016-01-04 20:10:27,005 | INFO: CD_RENFAM: Nenhum erro encontrado.
2016-01-04 20:10:27,006 | INFO: 

===============================================

2016-01-04 20:10:27,006 | INFO: ### PASSO 19 - F_PESS
2016-01-04 20:10:27,007 | INFO: Verificando a variável Dummy: F_PESS
2016-01-04 20:10:27,019 | INFO: F_PESS: Nenhum erro encontrado.
2016-01-04 20:10:27,021 | INFO: 

===============================================

2016-01-04 20:10:27,021 | INFO: ### PASSO 20 - FE_PESS
2016-01-04 20:10:27,022 | INFO: 

===============================================

2016-01-04 20:10:27,022 | INFO: ### PASSO 21 - SIT_FAM
2016-01-04 20:10:27,043 | INFO: Verificando Range da variável: SIT_FAM
2016-01-04 20:10:27,053 | INFO: 

        - Mínimo esperado: 0
        - Máximo esperado: 6
        - Total de registros: 223926
        - Registros nulos (NA): 0

2016-01-04 20:10:27,064 | INFO: SIT_FAM: Nenhum erro encontrado.
2016-01-04 20:10:27,066 | INFO: 

===============================================

2016-01-04 20:10:27,066 | INFO: ### PASSO 22 - IDADE
2016-01-04 20:10:27,067 | INFO: 

===============================================

2016-01-04 20:10:27,067 | INFO: ### PASSO 23 - SEXO
2016-01-04 20:10:27,246 | INFO: Verificando a variável Dummy: SEXO
2016-01-04 20:10:27,256 | INFO: SEXO: Nenhum erro encontrado.
2016-01-04 20:10:27,258 | INFO: 

===============================================

2016-01-04 20:10:27,258 | INFO: ### PASSO 24 - GRAU_INSTR
2016-01-04 20:10:27,355 | INFO: Verificando Range da variável: GRAU_INSTR
2016-01-04 20:10:27,363 | INFO: 

        - Mínimo esperado: 1
        - Máximo esperado: 4
        - Total de registros: 223926
        - Registros nulos (NA): 99

2016-01-04 20:10:27,470 | INFO: GRAU_INSTR: Nenhum erro encontrado.
2016-01-04 20:10:27,472 | INFO: 

===============================================

2016-01-04 20:10:27,472 | INFO: ### PASSO 25 - OCUP
2016-01-04 20:10:27,695 | INFO: Verificando Range da variável: OCUP
2016-01-04 20:10:27,703 | INFO: 

        - Mínimo esperado: 1
        - Máximo esperado: 7
        - Total de registros: 223926
        - Registros nulos (NA): 296

2016-01-04 20:10:27,714 | INFO: OCUP: Nenhum erro encontrado.
2016-01-04 20:10:27,716 | INFO: 

===============================================

2016-01-04 20:10:27,716 | INFO: ### PASSO 26 - SETOR_ATIV
2016-01-04 20:10:27,717 | INFO: Lendo arquivo de referência externa setor_ativ-1987.csv
2016-01-04 20:10:27,851 | INFO: Verificando Range da variável: SETOR_ATIV
2016-01-04 20:10:27,860 | INFO: 

        - Mínimo esperado: 0
        - Máximo esperado: 9
        - Total de registros: 223926
        - Registros nulos (NA): 293

2016-01-04 20:10:27,968 | INFO: SETOR_ATIV: Nenhum erro encontrado.
2016-01-04 20:10:27,969 | INFO: 

===============================================

2016-01-04 20:10:27,969 | INFO: ### PASSO 27 - REN_IND
2016-01-04 20:10:28,034 | INFO: ### PASSO 28 - CD_RENIND
2016-01-04 20:10:28,321 | INFO: Verificando a variável Dummy: CD_RENIND
2016-01-04 20:10:28,346 | INFO: CD_RENIND: Nenhum erro encontrado.
2016-01-04 20:10:28,348 | INFO: 

===============================================

2016-01-04 20:10:28,348 | INFO: ### PASSO 29 - F_VIAG
2016-01-04 20:10:28,349 | INFO: Verificando a variável Dummy: F_VIAG
2016-01-04 20:10:28,359 | INFO: F_VIAG: Nenhum erro encontrado.
2016-01-04 20:10:28,360 | INFO: 

===============================================

2016-01-04 20:10:28,361 | INFO: ### PASSO 30 - FE_VIAG
2016-01-04 20:10:28,361 | INFO: 

===============================================

2016-01-04 20:10:28,361 | INFO: ### PASSO 31 - ZONA_ESC
2016-01-04 20:10:28,427 | INFO: Verificando Range da variável: ZONA_ESC
2016-01-04 20:10:28,436 | INFO: 

        - Mínimo esperado: 1
        - Máximo esperado: 254
        - Total de registros: 223926
        - Registros nulos (NA): 154954

2016-01-04 20:10:28,552 | INFO: ZONA_ESC: Nenhum erro encontrado.
2016-01-04 20:10:28,554 | INFO: 

===============================================

2016-01-04 20:10:28,554 | INFO: ### PASSO 32 - SUBZONA_ESC
2016-01-04 20:10:28,620 | INFO: Verificando Range da variável: SUBZONA_ESC
2016-01-04 20:10:28,629 | INFO: 

        - Mínimo esperado: 1
        - Máximo esperado: 9
        - Total de registros: 223926
        - Registros nulos (NA): 155015

2016-01-04 20:10:28,751 | INFO: SUBZONA_ESC: Nenhum erro encontrado.
2016-01-04 20:10:28,752 | INFO: 

===============================================

2016-01-04 20:10:28,753 | INFO: ### PASSO 33 - MUN_ESC
2016-01-04 20:10:28,817 | INFO: Verificando Range da variável: MUN_ESC
2016-01-04 20:10:28,826 | INFO: 

        - Mínimo esperado: 1
        - Máximo esperado: 38
        - Total de registros: 223926
        - Registros nulos (NA): 154954

2016-01-04 20:10:28,948 | INFO: MUN_ESC: Nenhum erro encontrado.
2016-01-04 20:10:28,949 | INFO: 

===============================================

2016-01-04 20:10:28,949 | INFO: ### PASSO 34 - ESTUDA
2016-01-04 20:10:28,967 | INFO: Verificando a variável Dummy: ESTUDA
2016-01-04 20:10:28,978 | INFO: ESTUDA: Nenhum erro encontrado.
2016-01-04 20:10:28,980 | INFO: 

===============================================

2016-01-04 20:10:28,980 | INFO: ### PASSO 35 - ZONA_TRAB1
2016-01-04 20:10:29,043 | INFO: Verificando Range da variável: ZONA_TRAB1
2016-01-04 20:10:29,052 | INFO: 

        - Mínimo esperado: 1
        - Máximo esperado: 254
        - Total de registros: 223926
        - Registros nulos (NA): 112093

2016-01-04 20:10:29,177 | INFO: ZONA_TRAB1: Nenhum erro encontrado.
2016-01-04 20:10:29,179 | INFO: 

===============================================

2016-01-04 20:10:29,179 | INFO: ### PASSO 36 - SUBZONA_TRAB1
2016-01-04 20:10:29,241 | INFO: Verificando Range da variável: SUBZONA_TRAB1
2016-01-04 20:10:29,250 | INFO: 

        - Mínimo esperado: 1
        - Máximo esperado: 9
        - Total de registros: 223926
        - Registros nulos (NA): 112245

2016-01-04 20:10:29,378 | INFO: SUBZONA_TRAB1: Nenhum erro encontrado.
2016-01-04 20:10:29,380 | INFO: 

===============================================

2016-01-04 20:10:29,380 | INFO: ### PASSO 37 - MUN_TRAB1
2016-01-04 20:10:29,442 | INFO: Verificando Range da variável: MUN_TRAB1
2016-01-04 20:10:29,452 | INFO: 

        - Mínimo esperado: 1
        - Máximo esperado: 38
        - Total de registros: 223926
        - Registros nulos (NA): 112093

2016-01-04 20:10:29,586 | INFO: MUN_TRAB1: Nenhum erro encontrado.
2016-01-04 20:10:29,587 | INFO: 

===============================================

2016-01-04 20:10:29,587 | INFO: ### PASSO 38 - ZONA_TRAB2
2016-01-04 20:10:29,647 | INFO: Verificando Range da variável: ZONA_TRAB2
2016-01-04 20:10:29,655 | INFO: 

        - Mínimo esperado: 1
        - Máximo esperado: 254
        - Total de registros: 223926
        - Registros nulos (NA): 220589

2016-01-04 20:10:29,783 | INFO: ZONA_TRAB2: Nenhum erro encontrado.
2016-01-04 20:10:29,784 | INFO: 

===============================================

2016-01-04 20:10:29,784 | INFO: ### PASSO 39 - SUBZONA_TRAB2
2016-01-04 20:10:29,843 | INFO: Verificando Range da variável: SUBZONA_TRAB2
2016-01-04 20:10:29,851 | INFO: 

        - Mínimo esperado: 1
        - Máximo esperado: 9
        - Total de registros: 223926
        - Registros nulos (NA): 220619

2016-01-04 20:10:29,990 | INFO: SUBZONA_TRAB2: Nenhum erro encontrado.
2016-01-04 20:10:29,992 | INFO: 

===============================================

2016-01-04 20:10:29,992 | INFO: ### PASSO 40 - MUN_TRAB2
2016-01-04 20:10:30,050 | INFO: Verificando Range da variável: MUN_TRAB2
2016-01-04 20:10:30,057 | INFO: 

        - Mínimo esperado: 1
        - Máximo esperado: 38
        - Total de registros: 223926
        - Registros nulos (NA): 220589

2016-01-04 20:10:30,194 | INFO: MUN_TRAB2: Nenhum erro encontrado.
2016-01-04 20:10:30,195 | INFO: 

===============================================

2016-01-04 20:10:30,195 | INFO: ### PASSO 41 - ZONA_ORIG
2016-01-04 20:10:30,250 | INFO: Verificando Range da variável: ZONA_ORIG
2016-01-04 20:10:30,259 | INFO: 

        - Mínimo esperado: 1
        - Máximo esperado: 254
        - Total de registros: 223926
        - Registros nulos (NA): 40808

2016-01-04 20:10:30,401 | INFO: ZONA_ORIG: Nenhum erro encontrado.
2016-01-04 20:10:30,403 | INFO: 

===============================================

2016-01-04 20:10:30,403 | INFO: ### PASSO 42 - SUBZONA_ORIG
2016-01-04 20:10:30,457 | INFO: Verificando Range da variável: SUBZONA_ORIG
2016-01-04 20:10:30,466 | INFO: 

        - Mínimo esperado: 1
        - Máximo esperado: 9
        - Total de registros: 223926
        - Registros nulos (NA): 40948

2016-01-04 20:10:30,605 | INFO: SUBZONA_ORIG: Nenhum erro encontrado.
2016-01-04 20:10:30,607 | INFO: 

===============================================

2016-01-04 20:10:30,607 | INFO: ### PASSO 43 - MUN_ORIG
2016-01-04 20:10:30,661 | INFO: Verificando Range da variável: MUN_ORIG
2016-01-04 20:10:30,670 | INFO: 

        - Mínimo esperado: 1
        - Máximo esperado: 38
        - Total de registros: 223926
        - Registros nulos (NA): 40808

2016-01-04 20:10:30,820 | INFO: MUN_ORIG: Nenhum erro encontrado.
2016-01-04 20:10:30,822 | INFO: 

===============================================

2016-01-04 20:10:30,822 | INFO: ### PASSO 44 - ZONA_DEST
2016-01-04 20:10:30,881 | INFO: Verificando Range da variável: ZONA_DEST
2016-01-04 20:10:30,891 | INFO: 

        - Mínimo esperado: 1
        - Máximo esperado: 254
        - Total de registros: 223926
        - Registros nulos (NA): 40808

2016-01-04 20:10:31,056 | INFO: ZONA_DEST: Nenhum erro encontrado.
2016-01-04 20:10:31,058 | INFO: 

===============================================

2016-01-04 20:10:31,058 | INFO: ### PASSO 45 - SUBZONA_DEST
2016-01-04 20:10:31,108 | INFO: Verificando Range da variável: SUBZONA_DEST
2016-01-04 20:10:31,118 | INFO: 

        - Mínimo esperado: 1
        - Máximo esperado: 9
        - Total de registros: 223926
        - Registros nulos (NA): 40919

2016-01-04 20:10:31,274 | INFO: SUBZONA_DEST: Nenhum erro encontrado.
2016-01-04 20:10:31,276 | INFO: 

===============================================

2016-01-04 20:10:31,276 | INFO: ### PASSO 46 - MUN_DEST
2016-01-04 20:10:31,327 | INFO: Verificando Range da variável: MUN_DEST
2016-01-04 20:10:31,336 | INFO: 

        - Mínimo esperado: 1
        - Máximo esperado: 38
        - Total de registros: 223926
        - Registros nulos (NA): 40808

2016-01-04 20:10:31,498 | INFO: MUN_DEST: Nenhum erro encontrado.
2016-01-04 20:10:31,500 | INFO: 

===============================================

2016-01-04 20:10:31,500 | INFO: ### PASSO 47 - SERV_PAS_ORIG
2016-01-04 20:10:31,513 | INFO: Verificando a variável Dummy: SERV_PAS_ORIG
2016-01-04 20:10:31,671 | INFO: SERV_PAS_ORIG: Nenhum erro encontrado.
2016-01-04 20:10:31,684 | INFO: 

===============================================

2016-01-04 20:10:31,684 | INFO: ### PASSO 48 - SERV_PAS_DEST
2016-01-04 20:10:31,698 | INFO: Verificando a variável Dummy: SERV_PAS_DEST
2016-01-04 20:10:31,845 | INFO: SERV_PAS_DEST: Nenhum erro encontrado.
2016-01-04 20:10:31,858 | INFO: 

===============================================

2016-01-04 20:10:31,858 | INFO: ### PASSO 49 - MOTIVO_ORIG
2016-01-04 20:10:31,936 | INFO: Verificando Range da variável: MOTIVO_ORIG
2016-01-04 20:10:31,946 | INFO: 

        - Mínimo esperado: 1
        - Máximo esperado: 9
        - Total de registros: 223926
        - Registros nulos (NA): 40808

2016-01-04 20:10:32,113 | INFO: MOTIVO_ORIG: Nenhum erro encontrado.
2016-01-04 20:10:32,115 | INFO: 

===============================================

2016-01-04 20:10:32,115 | INFO: ### PASSO 50 - MOTIVO_DEST
2016-01-04 20:10:32,193 | INFO: Verificando Range da variável: MOTIVO_DEST
2016-01-04 20:10:32,202 | INFO: 

        - Mínimo esperado: 1
        - Máximo esperado: 9
        - Total de registros: 223926
        - Registros nulos (NA): 40808

2016-01-04 20:10:32,371 | INFO: MOTIVO_DEST: Nenhum erro encontrado.
2016-01-04 20:10:32,373 | INFO: 

===============================================

2016-01-04 20:10:32,373 | INFO: ### PASSO 51 - MODO1
2016-01-04 20:10:32,499 | INFO: Verificando Range da variável: MODO1
2016-01-04 20:10:32,508 | INFO: 

        - Mínimo esperado: 1
        - Máximo esperado: 12
        - Total de registros: 223926
        - Registros nulos (NA): 40808

2016-01-04 20:10:32,682 | INFO: MODO1: Nenhum erro encontrado.
2016-01-04 20:10:32,684 | INFO: 

===============================================

2016-01-04 20:10:32,684 | INFO: ### PASSO 52 - MODO3
2016-01-04 20:10:32,803 | INFO: Verificando Range da variável: MODO2
2016-01-04 20:10:32,812 | INFO: 

        - Mínimo esperado: 1
        - Máximo esperado: 12
        - Total de registros: 223926
        - Registros nulos (NA): 205841

2016-01-04 20:10:32,984 | INFO: MODO2: Nenhum erro encontrado.
2016-01-04 20:10:32,987 | INFO: 

===============================================

2016-01-04 20:10:32,987 | INFO: ### PASSO 53 - MODO3
2016-01-04 20:10:33,104 | INFO: Verificando Range da variável: MODO3
2016-01-04 20:10:33,112 | INFO: 

        - Mínimo esperado: 1
        - Máximo esperado: 12
        - Total de registros: 223926
        - Registros nulos (NA): 221058

2016-01-04 20:10:33,298 | INFO: MODO3: Nenhum erro encontrado.
2016-01-04 20:10:33,303 | INFO: 

===============================================

2016-01-04 20:10:33,303 | INFO: ### PASSO 54 - MODO4
2016-01-04 20:10:33,385 | INFO: 

===============================================

2016-01-04 20:10:33,385 | INFO: ### PASSO 55 - MODO_PRIN
2016-01-04 20:10:33,544 | INFO: Verificando Range da variável: MODO_PRIN
2016-01-04 20:10:33,553 | INFO: 

        - Mínimo esperado: 1
        - Máximo esperado: 12
        - Total de registros: 223926
        - Registros nulos (NA): 40808

2016-01-04 20:10:33,770 | INFO: MODO_PRIN: Nenhum erro encontrado.
2016-01-04 20:10:33,775 | INFO: 

===============================================

2016-01-04 20:10:33,775 | INFO: ### PASSO 56 - TIPO_VIAG
2016-01-04 20:10:33,816 | INFO: Verificando Range da variável: TIPO_VIAG
2016-01-04 20:10:33,825 | INFO: 

        - Mínimo esperado: 1
        - Máximo esperado: 3
        - Total de registros: 223926
        - Registros nulos (NA): 40808

2016-01-04 20:10:34,036 | INFO: TIPO_VIAG: Nenhum erro encontrado.
2016-01-04 20:10:34,042 | INFO: 

===============================================

2016-01-04 20:10:34,042 | INFO: ### PASSO 57 - TIPO_EST_AUTO
2016-01-04 20:10:34,055 | INFO: Verificando Range da variável: TIPO_EST_AUTO
2016-01-04 20:10:34,064 | INFO: 

        - Mínimo esperado: 0
        - Máximo esperado: 5
        - Total de registros: 223926
        - Registros nulos (NA): 0

2016-01-04 20:10:34,073 | INFO: TIPO_EST_AUTO: Nenhum erro encontrado.
2016-01-04 20:10:34,075 | INFO: 

===============================================

2016-01-04 20:10:34,075 | INFO: ### PASSO 58 - VALOR_EST_AUTO
2016-01-04 20:10:34,157 | INFO: 

===============================================

2016-01-04 20:10:34,157 | INFO: ### PASSO 59 - COORDENADAS
2016-01-04 20:10:34,159 | INFO: Lendo arquivo auxiliar de Coordenadas das subzonas
2016-01-04 20:13:38,223 | INFO: 

===============================================

2016-01-04 20:13:38,223 | INFO: Gerando NO_DOM
2016-01-04 20:13:38,317 | INFO: NO_DOM gerado
2016-01-04 20:13:38,320 | INFO: Gerando ID_DOM
2016-01-04 20:13:59,352 | INFO: ID_DOM gerado
2016-01-04 20:13:59,398 | INFO: Gerando NO_FAM
2016-01-04 20:14:06,282 | INFO: NO_FAM gerado
2016-01-04 20:14:06,289 | INFO: Gerando ID_FAM
2016-01-04 20:14:28,300 | INFO: ID_FAM gerado
2016-01-04 20:14:28,337 | INFO: Gerando NO_PESS
2016-01-04 20:14:34,559 | INFO: NO_PESS gerado
2016-01-04 20:14:34,563 | INFO: Gerando ID_PESS
2016-01-04 20:14:57,246 | INFO: ID_PESS gerado
2016-01-04 20:14:57,289 | INFO: Gerando NO_VIAG
2016-01-04 20:15:18,636 | INFO: NO_VIAG gerado
2016-01-04 20:15:18,641 | INFO: Gerando ID_VIAG
2016-01-04 20:15:41,177 | INFO: ID_VIAG gerado
2016-01-04 20:15:41,208 | INFO: ### PASSO 61 - TOT_VIAG
2016-01-04 20:15:41,212 | WARNING: 

##########################################
Este passo DEVE ser executado apenas após a 
execução dos passos que geram os novos IDs
##########################################

2016-01-04 20:15:42,642 | INFO: TOT_VIAG:

    Situação final dos dados: 
count    223926.000000
mean          2.647071
std           2.118086
min           0.000000
25%           2.000000
50%           2.000000
75%           4.000000
max          24.000000
Name: TOT_VIAG, dtype: float64
    TOT_VIAG: Situação final dos dados: 
2     100358
0      40808
4      39620
3      14220
6      10230
5       7780
8       3200
7       3157
9       1314
10       940
1        704
11       484
12       372
14       224
13       221
15        75
17        51
16        48
18        36
24        24
21        21
20        20
19        19
dtype: int64
2016-01-04 20:15:57,263 | INFO: 

===============================================

2016-01-04 20:15:57,266 | INFO: ### PASSO 62 - CD_ENTRE
2016-01-04 20:15:57,270 | WARNING: 

##########################################
Este passo DEVE ser executado apenas após a 
execução do passo que geram o TOT_VIAG.
##########################################

2016-01-04 20:15:57,310 | INFO: Verificando a variável Dummy: CD_ENTRE
2016-01-04 20:15:57,327 | INFO: CD_ENTRE: Nenhum erro encontrado.
2016-01-04 20:15:57,328 | INFO: 

===============================================

2016-01-04 20:15:57,329 | INFO: ### PASSO 63 - Correções
2016-01-04 20:15:57,330 | INFO: Corrigindo 'SERV_PAS' caso TOT_VIAG seja nulo.
2016-01-04 20:15:57,356 | INFO: Salvando dataframe como arquivo CSV
2016-01-04 20:16:12,732 | INFO: Base gerada. Arquivo: outputs/1987_od.csv
2016-01-04 20:16:12,735 | INFO: Tempo total de execução: 363.21112847328186 segundos
2016-01-04 20:16:12,736 | INFO: Horário de finalização: 20:16
2016-01-04 20:16:12,737 | INFO: Terminou o main
