2016-01-04 20:16:24,907 | INFO: Definindo as funções gerais assessórias
2016-01-04 20:16:24,909 | INFO: 

===============================================

2016-01-04 20:16:24,958 | INFO: Definindo as funções gerais
2016-01-04 20:16:24,959 | INFO: 

===============================================

2016-01-04 20:16:25,031 | INFO: Definindo as funções do domicílio
2016-01-04 20:16:25,033 | INFO: 

===============================================

2016-01-04 20:16:25,150 | INFO: Definindo as funções da família
2016-01-04 20:16:25,152 | INFO: 

===============================================

2016-01-04 20:16:25,494 | INFO: Definindo as funções da pessoa
2016-01-04 20:16:25,496 | INFO: 

===============================================

2016-01-04 20:16:27,754 | INFO: Definindo funções referentes às viagens
2016-01-04 20:16:27,756 | INFO: 

===============================================

2016-01-04 20:16:27,865 | INFO: Definindo funções que geram os "NO"s e os "ID"s
2016-01-04 20:16:27,867 | INFO: 

===============================================

2016-01-04 20:16:27,881 | INFO: Definindo função relativa à entrevista
2016-01-04 20:16:27,888 | INFO: 

===============================================

2016-01-04 20:16:28,508 | INFO: Horário de início da execução: 20:16
2016-01-04 20:16:28,510 | INFO: Lendo arquivos CSV
2016-01-04 20:16:28,511 | INFO: Lendo CSV da base original da OD.
2016-01-04 20:16:31,460 | INFO: Deflator a ser utilizado para correção monetária: 1.94136464
2016-01-04 20:16:31,469 | INFO: 

===============================================

2016-01-04 20:16:31,473 | INFO: Pré-Processamento.
2016-01-04 20:16:31,513 | INFO: Criando/Renomeando colunas no dataframe principal
2016-01-04 20:16:31,515 | INFO: Renomeando coluna UCOD para UCOD_DOM
2016-01-04 20:16:32,037 | INFO: Renomeando coluna ANDA_CHEG para ANDA_DEST
2016-01-04 20:16:32,149 | INFO: Verificando se todas as variaveis esperadasexistem no dataframe.
Caso não exista alguma, ela é criada.
2016-01-04 20:16:32,166 | INFO: Criando a variavel UCOD_ESC no dataframe
2016-01-04 20:16:32,171 | INFO: Criando a variavel UCOD_TRAB1 no dataframe
2016-01-04 20:16:32,176 | INFO: Criando a variavel UCOD_TRAB2 no dataframe
2016-01-04 20:16:32,181 | INFO: Criando a variavel UCOD_ORIG no dataframe
2016-01-04 20:16:32,185 | INFO: Criando a variavel UCOD_DEST no dataframe
2016-01-04 20:16:32,187 | INFO: Reordenando as variáveis
2016-01-04 20:16:32,305 | INFO: 

===============================================

2016-01-04 20:16:32,305 | INFO: 

===============================================

2016-01-04 20:16:32,305 | INFO: Imprimindo a lista de variáveis do dataframe da OD.
2016-01-04 20:16:32,307 | INFO: ### PASSO 1 - ANO
2016-01-04 20:16:32,851 | INFO: ### PASSO 2 - DIA_SEM
2016-01-04 20:16:33,119 | INFO: Verificando Range da variável: DIA_SEM
2016-01-04 20:16:33,131 | INFO: 

        - Mínimo esperado: 2
        - Máximo esperado: 6
        - Total de registros: 199647
        - Registros nulos (NA): 0

2016-01-04 20:16:33,200 | INFO: DIA_SEM: Nenhum erro encontrado.
2016-01-04 20:16:33,202 | INFO: 

===============================================

2016-01-04 20:16:33,202 | INFO: ### PASSO 3 - UCODS
2016-01-04 20:16:33,204 | INFO: Lendo arquivo auxiliar UCOD
2016-01-04 20:16:48,493 | INFO: Verificando Range da variável: UCOD_DOM
2016-01-04 20:16:48,501 | INFO: 

        - Mínimo esperado: 1
        - Máximo esperado: 67
        - Total de registros: 199647
        - Registros nulos (NA): 0

2016-01-04 20:16:48,509 | INFO: UCOD_DOM: Nenhum erro encontrado.
2016-01-04 20:16:48,510 | INFO: Verificando Range da variável: UCOD_ESC
2016-01-04 20:16:48,528 | INFO: 

        - Mínimo esperado: 1
        - Máximo esperado: 67
        - Total de registros: 199647
        - Registros nulos (NA): 134127

2016-01-04 20:16:48,558 | INFO: UCOD_ESC: Nenhum erro encontrado.
2016-01-04 20:16:48,559 | INFO: Verificando Range da variável: UCOD_TRAB1
2016-01-04 20:16:48,578 | INFO: 

        - Mínimo esperado: 1
        - Máximo esperado: 67
        - Total de registros: 199647
        - Registros nulos (NA): 98370

2016-01-04 20:16:48,610 | INFO: UCOD_TRAB1: Nenhum erro encontrado.
2016-01-04 20:16:48,611 | INFO: Verificando Range da variável: UCOD_TRAB2
2016-01-04 20:16:48,627 | INFO: 

        - Mínimo esperado: 1
        - Máximo esperado: 67
        - Total de registros: 199647
        - Registros nulos (NA): 196669

2016-01-04 20:16:48,651 | INFO: UCOD_TRAB2: Nenhum erro encontrado.
2016-01-04 20:16:48,652 | INFO: Verificando Range da variável: UCOD_ORIG
2016-01-04 20:16:48,670 | INFO: 

        - Mínimo esperado: 1
        - Máximo esperado: 67
        - Total de registros: 199647
        - Registros nulos (NA): 36106

2016-01-04 20:16:48,704 | INFO: UCOD_ORIG: Nenhum erro encontrado.
2016-01-04 20:16:48,706 | INFO: Verificando Range da variável: UCOD_DEST
2016-01-04 20:16:48,724 | INFO: 

        - Mínimo esperado: 1
        - Máximo esperado: 67
        - Total de registros: 199647
        - Registros nulos (NA): 36106

2016-01-04 20:16:48,759 | INFO: UCOD_DEST: Nenhum erro encontrado.
2016-01-04 20:16:48,760 | INFO: 

===============================================

2016-01-04 20:16:48,760 | INFO: ### PASSO 4 - ZONA_DOM
2016-01-04 20:16:48,838 | INFO: Verificando Range da variável: ZONA_DOM
2016-01-04 20:16:48,846 | INFO: 

        - Mínimo esperado: 1
        - Máximo esperado: 389
        - Total de registros: 199647
        - Registros nulos (NA): 0

2016-01-04 20:16:48,902 | INFO: ZONA_DOM: Nenhum erro encontrado.
2016-01-04 20:16:48,904 | INFO: 

===============================================

2016-01-04 20:16:48,904 | INFO: ### PASSO 5 - SUBZONA_DOM
2016-01-04 20:16:48,975 | INFO: Verificando Range da variável: SUBZONA_DOM
2016-01-04 20:16:48,983 | INFO: 

        - Mínimo esperado: 1
        - Máximo esperado: 9
        - Total de registros: 199647
        - Registros nulos (NA): 0

2016-01-04 20:16:49,039 | INFO: SUBZONA_DOM: Nenhum erro encontrado.
2016-01-04 20:16:49,040 | INFO: 

===============================================

2016-01-04 20:16:49,040 | INFO: ### PASSO 6 - MUN_DOM
2016-01-04 20:16:49,112 | INFO: Verificando Range da variável: MUN_DOM
2016-01-04 20:16:49,120 | INFO: 

        - Mínimo esperado: 1
        - Máximo esperado: 39
        - Total de registros: 199647
        - Registros nulos (NA): 0

2016-01-04 20:16:49,178 | INFO: MUN_DOM: Nenhum erro encontrado.
2016-01-04 20:16:49,180 | INFO: 

===============================================

2016-01-04 20:16:49,180 | INFO: ### PASSO 7 - F_DOM
2016-01-04 20:16:49,181 | INFO: Verificando a variável Dummy: F_DOM
2016-01-04 20:16:49,190 | INFO: F_DOM: Nenhum erro encontrado.
2016-01-04 20:16:49,191 | INFO: 

===============================================

2016-01-04 20:16:49,191 | INFO: ### PASSO 8 - FE_DOM
2016-01-04 20:16:49,192 | INFO: 

===============================================

2016-01-04 20:16:49,192 | INFO: ### PASSO 9 - TIPO_DOM
2016-01-04 20:16:49,324 | INFO: Verificando a variável Dummy: TIPO_DOM
2016-01-04 20:16:49,334 | INFO: TIPO_DOM: Nenhum erro encontrado.
2016-01-04 20:16:49,335 | INFO: 

===============================================

2016-01-04 20:16:49,335 | INFO: ### PASSO 10 - TOT_FAM
2016-01-04 20:16:49,336 | INFO: 

===============================================

2016-01-04 20:16:49,336 | INFO: ### PASSO 11 - F_FAM
2016-01-04 20:16:49,337 | INFO: Verificando a variável Dummy: F_FAM
2016-01-04 20:16:49,346 | INFO: F_FAM: Nenhum erro encontrado.
2016-01-04 20:16:49,349 | INFO: 

===============================================

2016-01-04 20:16:49,349 | INFO: ### PASSO 12 - FE_FAM
2016-01-04 20:16:49,350 | INFO: 

===============================================

2016-01-04 20:16:49,350 | INFO: ### PASSO 13 - COND_MORA
2016-01-04 20:16:49,486 | INFO: Verificando Range da variável: COND_MORA
2016-01-04 20:16:49,494 | INFO: 

        - Mínimo esperado: 1
        - Máximo esperado: 3
        - Total de registros: 199647
        - Registros nulos (NA): 178

2016-01-04 20:16:49,504 | INFO: COND_MORA: Nenhum erro encontrado.
2016-01-04 20:16:49,506 | INFO: 

===============================================

2016-01-04 20:16:49,506 | INFO: ### PASSO 14 - QT_AUTO
2016-01-04 20:16:49,507 | INFO: 

===============================================

2016-01-04 20:16:49,528 | INFO: ### PASSO 15 - QT_BICI
2016-01-04 20:16:49,530 | INFO: 

===============================================

2016-01-04 20:16:49,567 | INFO: ### PASSO 16 - QT_MOTO
2016-01-04 20:16:49,568 | INFO: 

===============================================

2016-01-04 20:16:49,568 | INFO: ### PASSO 17 - REN_FAM
2016-01-04 20:16:49,632 | INFO: ### PASSO 18 - CD_RENFAM
2016-01-04 20:16:49,723 | INFO: Verificando Range da variável: CD_RENFAM
2016-01-04 20:16:49,731 | INFO: 

        - Mínimo esperado: 0
        - Máximo esperado: 2
        - Total de registros: 199647
        - Registros nulos (NA): 0

2016-01-04 20:16:49,739 | INFO: CD_RENFAM: Nenhum erro encontrado.
2016-01-04 20:16:49,740 | INFO: 

===============================================

2016-01-04 20:16:49,740 | INFO: ### PASSO 19 - F_PESS
2016-01-04 20:16:49,741 | INFO: Verificando a variável Dummy: F_PESS
2016-01-04 20:16:49,750 | INFO: F_PESS: Nenhum erro encontrado.
2016-01-04 20:16:49,751 | INFO: 

===============================================

2016-01-04 20:16:49,751 | INFO: ### PASSO 20 - FE_PESS
2016-01-04 20:16:49,752 | INFO: 

===============================================

2016-01-04 20:16:49,752 | INFO: ### PASSO 21 - SIT_FAM
2016-01-04 20:16:49,753 | INFO: Verificando Range da variável: SIT_FAM
2016-01-04 20:16:49,760 | INFO: 

        - Mínimo esperado: 1
        - Máximo esperado: 6
        - Total de registros: 199647
        - Registros nulos (NA): 0

2016-01-04 20:16:49,768 | INFO: SIT_FAM: Nenhum erro encontrado.
2016-01-04 20:16:49,769 | INFO: 

===============================================

2016-01-04 20:16:49,769 | INFO: ### PASSO 22 - IDADE
2016-01-04 20:16:49,770 | INFO: 

===============================================

2016-01-04 20:16:49,770 | INFO: ### PASSO 23 - SEXO
2016-01-04 20:16:49,899 | INFO: Verificando a variável Dummy: SEXO
2016-01-04 20:16:49,908 | INFO: SEXO: Nenhum erro encontrado.
2016-01-04 20:16:49,909 | INFO: 

===============================================

2016-01-04 20:16:49,909 | INFO: ### PASSO 24 - GRAU_INSTR
2016-01-04 20:16:50,008 | INFO: Verificando Range da variável: GRAU_INSTR
2016-01-04 20:16:50,016 | INFO: 

        - Mínimo esperado: 1
        - Máximo esperado: 4
        - Total de registros: 199647
        - Registros nulos (NA): 0

2016-01-04 20:16:50,081 | INFO: GRAU_INSTR: Nenhum erro encontrado.
2016-01-04 20:16:50,083 | INFO: 

===============================================

2016-01-04 20:16:50,083 | INFO: ### PASSO 25 - OCUP
2016-01-04 20:16:50,187 | INFO: Verificando Range da variável: OCUP
2016-01-04 20:16:50,194 | INFO: 

        - Mínimo esperado: 1
        - Máximo esperado: 7
        - Total de registros: 199647
        - Registros nulos (NA): 0

2016-01-04 20:16:50,256 | INFO: OCUP: Nenhum erro encontrado.
2016-01-04 20:16:50,258 | INFO: 

===============================================

2016-01-04 20:16:50,258 | INFO: ### PASSO 26 - SETOR_ATIV
2016-01-04 20:16:50,259 | INFO: Lendo arquivo de referência externa setor_ativ-1997.csv
2016-01-04 20:16:50,453 | INFO: Verificando Range da variável: SETOR_ATIV
2016-01-04 20:16:50,464 | INFO: 

        - Mínimo esperado: 1
        - Máximo esperado: 9
        - Total de registros: 199647
        - Registros nulos (NA): 0

2016-01-04 20:16:50,550 | INFO: SETOR_ATIV: Nenhum erro encontrado.
2016-01-04 20:16:50,551 | INFO: 

===============================================

2016-01-04 20:16:50,551 | INFO: ### PASSO 27 - REN_IND
2016-01-04 20:16:50,630 | INFO: ### PASSO 28 - CD_RENIND
2016-01-04 20:16:50,816 | INFO: Verificando a variável Dummy: CD_RENIND
2016-01-04 20:16:50,854 | INFO: CD_RENIND: Nenhum erro encontrado.
2016-01-04 20:16:50,856 | INFO: 

===============================================

2016-01-04 20:16:50,856 | INFO: ### PASSO 29 - F_VIAG
2016-01-04 20:16:51,006 | INFO: Verificando a variável Dummy: F_VIAG
2016-01-04 20:16:51,016 | INFO: F_VIAG: Nenhum erro encontrado.
2016-01-04 20:16:51,017 | INFO: 

===============================================

2016-01-04 20:16:51,017 | INFO: ### PASSO 30 - FE_VIAG
2016-01-04 20:16:51,018 | INFO: 

===============================================

2016-01-04 20:16:51,018 | INFO: ### PASSO 31 - ZONA_ESC
2016-01-04 20:16:51,083 | INFO: Verificando Range da variável: ZONA_ESC
2016-01-04 20:16:51,091 | INFO: 

        - Mínimo esperado: 1
        - Máximo esperado: 389
        - Total de registros: 199647
        - Registros nulos (NA): 134127

2016-01-04 20:16:51,183 | INFO: ZONA_ESC: Nenhum erro encontrado.
2016-01-04 20:16:51,184 | INFO: 

===============================================

2016-01-04 20:16:51,184 | INFO: ### PASSO 32 - SUBZONA_ESC
2016-01-04 20:16:51,248 | INFO: Verificando Range da variável: SUBZONA_ESC
2016-01-04 20:16:51,256 | INFO: 

        - Mínimo esperado: 1
        - Máximo esperado: 9
        - Total de registros: 199647
        - Registros nulos (NA): 134127

2016-01-04 20:16:51,334 | INFO: SUBZONA_ESC: Nenhum erro encontrado.
2016-01-04 20:16:51,335 | INFO: 

===============================================

2016-01-04 20:16:51,335 | INFO: ### PASSO 33 - MUN_ESC
2016-01-04 20:16:51,397 | INFO: Verificando Range da variável: MUN_ESC
2016-01-04 20:16:51,405 | INFO: 

        - Mínimo esperado: 1
        - Máximo esperado: 39
        - Total de registros: 199647
        - Registros nulos (NA): 134127

2016-01-04 20:16:51,479 | INFO: MUN_ESC: Nenhum erro encontrado.
2016-01-04 20:16:51,480 | INFO: 

===============================================

2016-01-04 20:16:51,480 | INFO: ### PASSO 34 - ESTUDA
2016-01-04 20:16:51,509 | INFO: Verificando a variável Dummy: ESTUDA
2016-01-04 20:16:51,519 | INFO: ESTUDA: Nenhum erro encontrado.
2016-01-04 20:16:51,520 | INFO: 

===============================================

2016-01-04 20:16:51,520 | INFO: ### PASSO 35 - ZONA_TRAB1
2016-01-04 20:16:51,579 | INFO: Verificando Range da variável: ZONA_TRAB1
2016-01-04 20:16:51,588 | INFO: 

        - Mínimo esperado: 1
        - Máximo esperado: 389
        - Total de registros: 199647
        - Registros nulos (NA): 98370

2016-01-04 20:16:51,695 | INFO: ZONA_TRAB1: Nenhum erro encontrado.
2016-01-04 20:16:51,696 | INFO: 

===============================================

2016-01-04 20:16:51,696 | INFO: ### PASSO 36 - SUBZONA_TRAB1
2016-01-04 20:16:51,759 | INFO: Verificando Range da variável: SUBZONA_TRAB1
2016-01-04 20:16:51,767 | INFO: 

        - Mínimo esperado: 1
        - Máximo esperado: 9
        - Total de registros: 199647
        - Registros nulos (NA): 98370

2016-01-04 20:16:51,873 | INFO: SUBZONA_TRAB1: Nenhum erro encontrado.
2016-01-04 20:16:51,874 | INFO: 

===============================================

2016-01-04 20:16:51,874 | INFO: ### PASSO 37 - MUN_TRAB1
2016-01-04 20:16:51,930 | INFO: Verificando Range da variável: MUN_TRAB1
2016-01-04 20:16:51,938 | INFO: 

        - Mínimo esperado: 1
        - Máximo esperado: 39
        - Total de registros: 199647
        - Registros nulos (NA): 98370

2016-01-04 20:16:52,043 | INFO: MUN_TRAB1: Nenhum erro encontrado.
2016-01-04 20:16:52,044 | INFO: 

===============================================

2016-01-04 20:16:52,044 | INFO: ### PASSO 38 - ZONA_TRAB2
2016-01-04 20:16:52,100 | INFO: Verificando Range da variável: ZONA_TRAB2
2016-01-04 20:16:52,106 | INFO: 

        - Mínimo esperado: 1
        - Máximo esperado: 389
        - Total de registros: 199647
        - Registros nulos (NA): 196669

2016-01-04 20:16:52,212 | INFO: ZONA_TRAB2: Nenhum erro encontrado.
2016-01-04 20:16:52,213 | INFO: 

===============================================

2016-01-04 20:16:52,213 | INFO: ### PASSO 39 - SUBZONA_TRAB2
2016-01-04 20:16:52,268 | INFO: Verificando Range da variável: SUBZONA_TRAB2
2016-01-04 20:16:52,275 | INFO: 

        - Mínimo esperado: 1
        - Máximo esperado: 9
        - Total de registros: 199647
        - Registros nulos (NA): 196669

2016-01-04 20:16:52,394 | INFO: SUBZONA_TRAB2: Nenhum erro encontrado.
2016-01-04 20:16:52,395 | INFO: 

===============================================

2016-01-04 20:16:52,396 | INFO: ### PASSO 40 - MUN_TRAB2
2016-01-04 20:16:52,449 | INFO: Verificando Range da variável: MUN_TRAB2
2016-01-04 20:16:52,456 | INFO: 

        - Mínimo esperado: 1
        - Máximo esperado: 39
        - Total de registros: 199647
        - Registros nulos (NA): 196669

2016-01-04 20:16:52,572 | INFO: MUN_TRAB2: Nenhum erro encontrado.
2016-01-04 20:16:52,573 | INFO: 

===============================================

2016-01-04 20:16:52,573 | INFO: ### PASSO 41 - ZONA_ORIG
2016-01-04 20:16:52,625 | INFO: Verificando Range da variável: ZONA_ORIG
2016-01-04 20:16:52,633 | INFO: 

        - Mínimo esperado: 1
        - Máximo esperado: 389
        - Total de registros: 199647
        - Registros nulos (NA): 36106

2016-01-04 20:16:52,749 | INFO: ZONA_ORIG: Nenhum erro encontrado.
2016-01-04 20:16:52,750 | INFO: 

===============================================

2016-01-04 20:16:52,750 | INFO: ### PASSO 42 - SUBZONA_ORIG
2016-01-04 20:16:52,807 | INFO: Verificando Range da variável: SUBZONA_ORIG
2016-01-04 20:16:52,815 | INFO: 

        - Mínimo esperado: 1
        - Máximo esperado: 9
        - Total de registros: 199647
        - Registros nulos (NA): 36106

2016-01-04 20:16:52,934 | INFO: SUBZONA_ORIG: Nenhum erro encontrado.
2016-01-04 20:16:52,936 | INFO: 

===============================================

2016-01-04 20:16:52,936 | INFO: ### PASSO 43 - MUN_ORIG
2016-01-04 20:16:52,966 | INFO: Verificando Range da variável: MUN_ORIG
2016-01-04 20:16:52,974 | INFO: 

        - Mínimo esperado: 1
        - Máximo esperado: 39
        - Total de registros: 199647
        - Registros nulos (NA): 36106

2016-01-04 20:16:53,097 | INFO: MUN_ORIG: Nenhum erro encontrado.
2016-01-04 20:16:53,099 | INFO: 

===============================================

2016-01-04 20:16:53,099 | INFO: ### PASSO 44 - ZONA_DEST
2016-01-04 20:16:53,145 | INFO: Verificando Range da variável: ZONA_DEST
2016-01-04 20:16:53,153 | INFO: 

        - Mínimo esperado: 1
        - Máximo esperado: 389
        - Total de registros: 199647
        - Registros nulos (NA): 36106

2016-01-04 20:16:53,281 | INFO: ZONA_DEST: Nenhum erro encontrado.
2016-01-04 20:16:53,282 | INFO: 

===============================================

2016-01-04 20:16:53,282 | INFO: ### PASSO 45 - SUBZONA_DEST
2016-01-04 20:16:53,310 | INFO: Verificando Range da variável: SUBZONA_DEST
2016-01-04 20:16:53,318 | INFO: 

        - Mínimo esperado: 1
        - Máximo esperado: 9
        - Total de registros: 199647
        - Registros nulos (NA): 36106

2016-01-04 20:16:53,439 | INFO: SUBZONA_DEST: Nenhum erro encontrado.
2016-01-04 20:16:53,440 | INFO: 

===============================================

2016-01-04 20:16:53,440 | INFO: ### PASSO 46 - MUN_DEST
2016-01-04 20:16:53,485 | INFO: Verificando Range da variável: MUN_DEST
2016-01-04 20:16:53,493 | INFO: 

        - Mínimo esperado: 1
        - Máximo esperado: 39
        - Total de registros: 199647
        - Registros nulos (NA): 36106

2016-01-04 20:16:53,619 | INFO: MUN_DEST: Nenhum erro encontrado.
2016-01-04 20:16:53,621 | INFO: 

===============================================

2016-01-04 20:16:53,621 | INFO: ### PASSO 47 - SERV_PAS_ORIG
2016-01-04 20:16:53,774 | INFO: Verificando a variável Dummy: SERV_PAS_ORIG
2016-01-04 20:16:53,821 | INFO: SERV_PAS_ORIG: Nenhum erro encontrado.
2016-01-04 20:16:53,825 | INFO: 

===============================================

2016-01-04 20:16:53,825 | INFO: ### PASSO 48 - SERV_PAS_DEST
2016-01-04 20:16:53,998 | INFO: Verificando a variável Dummy: SERV_PAS_DEST
2016-01-04 20:16:54,037 | INFO: SERV_PAS_DEST: Nenhum erro encontrado.
2016-01-04 20:16:54,039 | INFO: 

===============================================

2016-01-04 20:16:54,039 | INFO: ### PASSO 49 - MOTIVO_ORIG
2016-01-04 20:16:54,065 | INFO: Verificando Range da variável: MOTIVO_ORIG
2016-01-04 20:16:54,074 | INFO: 

        - Mínimo esperado: 1
        - Máximo esperado: 9
        - Total de registros: 199647
        - Registros nulos (NA): 36106

2016-01-04 20:16:54,208 | INFO: MOTIVO_ORIG: Nenhum erro encontrado.
2016-01-04 20:16:54,210 | INFO: 

===============================================

2016-01-04 20:16:54,210 | INFO: ### PASSO 50 - MOTIVO_DEST
2016-01-04 20:16:54,252 | INFO: Verificando Range da variável: MOTIVO_DEST
2016-01-04 20:16:54,260 | INFO: 

        - Mínimo esperado: 1
        - Máximo esperado: 9
        - Total de registros: 199647
        - Registros nulos (NA): 36106

2016-01-04 20:16:54,399 | INFO: MOTIVO_DEST: Nenhum erro encontrado.
2016-01-04 20:16:54,401 | INFO: 

===============================================

2016-01-04 20:16:54,401 | INFO: ### PASSO 51 - MODO1
2016-01-04 20:16:54,489 | INFO: Verificando Range da variável: MODO1
2016-01-04 20:16:54,497 | INFO: 

        - Mínimo esperado: 1
        - Máximo esperado: 12
        - Total de registros: 199647
        - Registros nulos (NA): 36106

2016-01-04 20:16:54,638 | INFO: MODO1: Nenhum erro encontrado.
2016-01-04 20:16:54,640 | INFO: 

===============================================

2016-01-04 20:16:54,640 | INFO: ### PASSO 52 - MODO3
2016-01-04 20:16:54,738 | INFO: Verificando Range da variável: MODO2
2016-01-04 20:16:54,745 | INFO: 

        - Mínimo esperado: 1
        - Máximo esperado: 12
        - Total de registros: 199647
        - Registros nulos (NA): 185334

2016-01-04 20:16:54,893 | INFO: MODO2: Nenhum erro encontrado.
2016-01-04 20:16:54,894 | INFO: 

===============================================

2016-01-04 20:16:54,894 | INFO: ### PASSO 53 - MODO3
2016-01-04 20:16:54,973 | INFO: Verificando Range da variável: MODO3
2016-01-04 20:16:54,980 | INFO: 

        - Mínimo esperado: 1
        - Máximo esperado: 12
        - Total de registros: 199647
        - Registros nulos (NA): 197363

2016-01-04 20:16:55,118 | INFO: MODO3: Nenhum erro encontrado.
2016-01-04 20:16:55,119 | INFO: 

===============================================

2016-01-04 20:16:55,119 | INFO: ### PASSO 54 - MODO4
2016-01-04 20:16:55,208 | INFO: Verificando Range da variável: MODO4
2016-01-04 20:16:55,215 | INFO: 

        - Mínimo esperado: 1
        - Máximo esperado: 12
        - Total de registros: 199647
        - Registros nulos (NA): 199496

2016-01-04 20:16:55,361 | INFO: MODO4: Nenhum erro encontrado.
2016-01-04 20:16:55,362 | INFO: 

===============================================

2016-01-04 20:16:55,362 | INFO: ### PASSO 55 - MODO_PRIN
2016-01-04 20:16:55,474 | INFO: Verificando Range da variável: MODO_PRIN
2016-01-04 20:16:55,484 | INFO: 

        - Mínimo esperado: 1
        - Máximo esperado: 12
        - Total de registros: 199647
        - Registros nulos (NA): 36106

2016-01-04 20:16:55,681 | INFO: MODO_PRIN: Nenhum erro encontrado.
2016-01-04 20:16:55,682 | INFO: 

===============================================

2016-01-04 20:16:55,682 | INFO: ### PASSO 56 - TIPO_VIAG
2016-01-04 20:16:55,717 | INFO: Verificando Range da variável: TIPO_VIAG
2016-01-04 20:16:55,725 | INFO: 

        - Mínimo esperado: 1
        - Máximo esperado: 3
        - Total de registros: 199647
        - Registros nulos (NA): 36106

2016-01-04 20:16:55,898 | INFO: TIPO_VIAG: Nenhum erro encontrado.
2016-01-04 20:16:55,903 | INFO: 

===============================================

2016-01-04 20:16:55,903 | INFO: ### PASSO 57 - TIPO_EST_AUTO
2016-01-04 20:16:55,980 | INFO: 

===============================================

2016-01-04 20:16:55,980 | INFO: ### PASSO 58 - VALOR_EST_AUTO
2016-01-04 20:16:56,050 | INFO: 

===============================================

2016-01-04 20:16:56,050 | INFO: ### PASSO 59 - COORDENADAS
2016-01-04 20:16:56,051 | INFO: Lendo arquivo auxiliar de Coordenadas das subzonas
2016-01-04 20:19:41,934 | INFO: 

===============================================

2016-01-04 20:19:41,934 | INFO: Gerando NO_DOM
2016-01-04 20:19:42,063 | INFO: NO_DOM gerado
2016-01-04 20:19:42,067 | INFO: Gerando ID_DOM
2016-01-04 20:20:02,740 | INFO: ID_DOM gerado
2016-01-04 20:20:02,777 | INFO: Gerando NO_FAM
2016-01-04 20:20:08,432 | INFO: NO_FAM gerado
2016-01-04 20:20:08,437 | INFO: Gerando ID_FAM
2016-01-04 20:20:32,518 | INFO: ID_FAM gerado
2016-01-04 20:20:32,553 | INFO: Gerando NO_PESS
2016-01-04 20:20:39,701 | INFO: NO_PESS gerado
2016-01-04 20:20:39,705 | INFO: Gerando ID_PESS
2016-01-04 20:20:59,871 | INFO: ID_PESS gerado
2016-01-04 20:20:59,904 | INFO: Gerando NO_VIAG
2016-01-04 20:21:19,261 | INFO: NO_VIAG gerado
2016-01-04 20:21:19,265 | INFO: Gerando ID_VIAG
2016-01-04 20:21:39,285 | INFO: ID_VIAG gerado
2016-01-04 20:21:39,322 | INFO: ### PASSO 61 - TOT_VIAG
2016-01-04 20:21:39,326 | WARNING: 

##########################################
Este passo DEVE ser executado apenas após a 
execução dos passos que geram os novos IDs
##########################################

2016-01-04 20:21:41,149 | INFO: TOT_VIAG:

    Situação final dos dados: 
count    199647.000000
mean          2.664348
std           2.130166
min           0.000000
25%           2.000000
50%           2.000000
75%           4.000000
max          21.000000
Name: TOT_VIAG, dtype: float64
    TOT_VIAG: Situação final dos dados: 
2     89018
0     36104
4     34628
3     12570
6      9012
5      7155
7      3276
8      3064
9      1197
1      1192
10      820
11      671
12      348
14      196
13      169
15       90
16       64
17       34
21       21
18       18
dtype: int64
2016-01-04 20:21:54,966 | INFO: 

===============================================

2016-01-04 20:21:54,968 | INFO: ### PASSO 62 - CD_ENTRE
2016-01-04 20:21:54,971 | WARNING: 

##########################################
Este passo DEVE ser executado apenas após a 
execução do passo que geram o TOT_VIAG.
##########################################

2016-01-04 20:21:54,998 | INFO: Verificando a variável Dummy: CD_ENTRE
2016-01-04 20:21:55,017 | INFO: CD_ENTRE: Nenhum erro encontrado.
2016-01-04 20:21:55,019 | INFO: 

===============================================

2016-01-04 20:21:55,020 | INFO: ### PASSO 63 - Correções
2016-01-04 20:21:55,021 | INFO: Corrigindo 'SERV_PAS' caso TOT_VIAG seja nulo.
2016-01-04 20:21:55,036 | INFO: Salvando dataframe como arquivo CSV
2016-01-04 20:22:08,131 | INFO: Base gerada. Arquivo: outputs/1997_od.csv
2016-01-04 20:22:08,135 | INFO: Tempo total de execução: 339.62694907188416 segundos
2016-01-04 20:22:08,136 | INFO: Horário de finalização: 20:22
2016-01-04 20:22:08,138 | INFO: Terminou o main
